ERROR:root:can't pickle module objects
Traceback (most recent call last):
  File "C:\Users\Jarod\Downloads\Our Little Corner of the Galaxy\mainFunctions.py", line 345, in main
    save(board,player)
  File "C:\Users\Jarod\Downloads\Our Little Corner of the Galaxy\mainFunctions.py", line 206, in save
    pickle.dump(boardT,pickle_out)
TypeError: can't pickle module objects
ERROR:root:can't pickle module objects
Traceback (most recent call last):
  File "C:\Users\Jarod\Downloads\Our Little Corner of the Galaxy\mainFunctions.py", line 361, in main
    save(board,player)
  File "C:\Users\Jarod\Downloads\Our Little Corner of the Galaxy\mainFunctions.py", line 222, in save
    pickle.dump(boardT,pickle_out)
TypeError: can't pickle module objects
ERROR:root:name 'random' is not defined
Traceback (most recent call last):
  File "C:\Users\Jarod\Downloads\Our Little Corner of the Galaxy\mainFunctions.py", line 254, in main
    board = createBoard(7,7,player)
  File "C:\Users\Jarod\Downloads\Our Little Corner of the Galaxy\mainFunctions.py", line 56, in createBoard
    bossTile = gameObjects.BossTile()
  File "C:\Users\Jarod\Downloads\Our Little Corner of the Galaxy\gameObjects.py", line 234, in __init__
    HP = random.randint(30,34)
NameError: name 'random' is not defined
ERROR:root:name 'random' is not defined
Traceback (most recent call last):
  File "C:\Users\Jarod\Downloads\Our Little Corner of the Galaxy\mainFunctions.py", line 254, in main
    board = createBoard(7,7,player)
  File "C:\Users\Jarod\Downloads\Our Little Corner of the Galaxy\mainFunctions.py", line 56, in createBoard
    bossTile = gameObjects.BossTile()
  File "C:\Users\Jarod\Downloads\Our Little Corner of the Galaxy\gameObjects.py", line 234, in __init__
    HP = random.randint(30,34)
NameError: name 'random' is not defined
ERROR:root:name 'gameObjects' is not defined
Traceback (most recent call last):
  File "C:\Users\Jarod\Downloads\Our Little Corner of the Galaxy\mainFunctions.py", line 254, in main
    board = createBoard(7,7,player)
  File "C:\Users\Jarod\Downloads\Our Little Corner of the Galaxy\mainFunctions.py", line 56, in createBoard
    bossTile = gameObjects.BossTile()
  File "C:\Users\Jarod\Downloads\Our Little Corner of the Galaxy\gameObjects.py", line 242, in __init__
    TempEnemy = gameObjects.Enemy(HP,PHY,ARM,SPD,ENG,SHD,LV,name,art)
NameError: name 'gameObjects' is not defined
ERROR:root:name 'art' is not defined
Traceback (most recent call last):
  File "C:\Users\Jarod\Downloads\Our Little Corner of the Galaxy\mainFunctions.py", line 254, in main
    board = createBoard(7,7,player)
  File "C:\Users\Jarod\Downloads\Our Little Corner of the Galaxy\mainFunctions.py", line 56, in createBoard
    bossTile = gameObjects.BossTile()
  File "C:\Users\Jarod\Downloads\Our Little Corner of the Galaxy\gameObjects.py", line 242, in __init__
    TempEnemy = Enemy(HP,PHY,ARM,SPD,ENG,SHD,LV,name,art)
NameError: name 'art' is not defined
ERROR:root:can't pickle module objects
Traceback (most recent call last):
  File "C:\Users\Jarod\Downloads\Our Little Corner of the Galaxy\mainFunctions.py", line 361, in main
    save(board,player)
  File "C:\Users\Jarod\Downloads\Our Little Corner of the Galaxy\mainFunctions.py", line 222, in save
    pickle.dump(boardT,pickle_out)
TypeError: can't pickle module objects
ERROR:root:'charmap' codec can't decode byte 0x81 in position 30: character maps to <undefined>
Traceback (most recent call last):
  File "C:\Users\Jarod\Downloads\Our Little Corner of the Galaxy\mainFunctions.py", line 255, in main
    board = createBoard(7,7,player)
  File "C:\Users\Jarod\Downloads\Our Little Corner of the Galaxy\mainFunctions.py", line 64, in createBoard
    pickle.load(anomalyFile)
  File "C:\Users\Jarod\AppData\Local\Programs\Python\Python36\lib\encodings\cp1252.py", line 23, in decode
    return codecs.charmap_decode(input,self.errors,decoding_table)[0]
UnicodeDecodeError: 'charmap' codec can't decode byte 0x81 in position 30: character maps to <undefined>
ERROR:root:name 'board' is not defined
Traceback (most recent call last):
  File "C:\Users\Jarod\Downloads\Our Little Corner of the Galaxy\mainFunctions.py", line 362, in main
    save(board,player)
  File "C:\Users\Jarod\Downloads\Our Little Corner of the Galaxy\mainFunctions.py", line 222, in save
    boardDataList = board.getBoard()
NameError: name 'board' is not defined
ERROR:root:name 'Board' is not defined
Traceback (most recent call last):
  File "C:\Users\Jarod\Downloads\Our Little Corner of the Galaxy\mainFunctions.py", line 258, in main
    board,player = load(fileName + ".sav")
  File "C:\Users\Jarod\Downloads\Our Little Corner of the Galaxy\mainFunctions.py", line 232, in load
    board = Board(boardList)
NameError: name 'Board' is not defined
ERROR:root:object of type 'Player' has no len()
Traceback (most recent call last):
  File "C:\Users\Jarod\Downloads\Our Little Corner of the Galaxy\mainFunctions.py", line 260, in main
    board,player = load(fileName + ".sav")
  File "C:\Users\Jarod\Downloads\Our Little Corner of the Galaxy\mainFunctions.py", line 234, in load
    board = gameObjects.Board(boardList)
  File "C:\Users\Jarod\Downloads\Our Little Corner of the Galaxy\gameObjects.py", line 267, in __init__
    self.yLen = len(rowList)
TypeError: object of type 'Player' has no len()
ERROR:root:can't pickle module objects
Traceback (most recent call last):
  File "C:\Users\Jarod\Downloads\Our Little Corner of the Galaxy\mainFunctions.py", line 365, in main
    save(board,player)
  File "C:\Users\Jarod\Downloads\Our Little Corner of the Galaxy\mainFunctions.py", line 223, in save
    pickle.dump(boardDataList,pickle_out)
TypeError: can't pickle module objects
ERROR:root:can't pickle module objects
Traceback (most recent call last):
  File "C:\Users\Jarod\Downloads\Our Little Corner of the Galaxy\mainFunctions.py", line 365, in main
    save(board,player)
  File "C:\Users\Jarod\Downloads\Our Little Corner of the Galaxy\mainFunctions.py", line 223, in save
    pickle.dump(boardDataList,pickle_out)
TypeError: can't pickle module objects
ERROR:root:'method' object is not subscriptable
Traceback (most recent call last):
  File "C:\Users\Jarod\Downloads\Our Little Corner of the Galaxy\mainFunctions.py", line 365, in main
    save(board,player)
  File "C:\Users\Jarod\Downloads\Our Little Corner of the Galaxy\mainFunctions.py", line 222, in save
    boardDataList = boardT.getTile[4,4]
TypeError: 'method' object is not subscriptable
ERROR:root:name 'player' is not defined
Traceback (most recent call last):
  File "C:\Users\Jarod\Downloads\Our Little Corner of the Galaxy\mainFunctions.py", line 368, in main
    save(board,player)
  File "C:\Users\Jarod\Downloads\Our Little Corner of the Galaxy\mainFunctions.py", line 222, in save
    playerLoc = player.getLoc()
NameError: name 'player' is not defined
ERROR:root:'charmap' codec can't decode byte 0x81 in position 30: character maps to <undefined>
Traceback (most recent call last):
  File "C:\Users\Jarod\Downloads\Our Little Corner of the Galaxy\mainFunctions.py", line 264, in main
    board = createBoard(7,7,player)
  File "C:\Users\Jarod\Downloads\Our Little Corner of the Galaxy\mainFunctions.py", line 64, in createBoard
    pickle.load(anomalyFile)
  File "C:\Users\Jarod\AppData\Local\Programs\Python\Python36\lib\encodings\cp1252.py", line 23, in decode
    return codecs.charmap_decode(input,self.errors,decoding_table)[0]
UnicodeDecodeError: 'charmap' codec can't decode byte 0x81 in position 30: character maps to <undefined>
ERROR:root:can't pickle module objects
Traceback (most recent call last):
  File "C:\Users\Jarod\Downloads\Our Little Corner of the Galaxy\mainFunctions.py", line 371, in main
    save(board,player)
  File "C:\Users\Jarod\Downloads\Our Little Corner of the Galaxy\mainFunctions.py", line 229, in save
    pickle.dump(boardDataList,pickle_out)
TypeError: can't pickle module objects
ERROR:root:'EnemyTile' object has no attribute '_EnemyTile__enemy'
Traceback (most recent call last):
  File "C:\Users\Jarod\Downloads\Our Little Corner of the Galaxy\mainFunctions.py", line 371, in main
    save(board,player)
  File "C:\Users\Jarod\Downloads\Our Little Corner of the Galaxy\mainFunctions.py", line 226, in save
    boardDataList = boardT.getTile(in1,in2).getEnemy()
  File "C:\Users\Jarod\Downloads\Our Little Corner of the Galaxy\gameObjects.py", line 218, in getEnemy
    return self.__enemy
AttributeError: 'EnemyTile' object has no attribute '_EnemyTile__enemy'
ERROR:root:can't pickle module objects
Traceback (most recent call last):
  File "C:\Users\Jarod\Downloads\Our Little Corner of the Galaxy\mainFunctions.py", line 371, in main
    save(board,player)
  File "C:\Users\Jarod\Downloads\Our Little Corner of the Galaxy\mainFunctions.py", line 229, in save
    pickle.dump(boardDataList,pickle_out)
TypeError: can't pickle module objects
ERROR:root:local variable 'playerLost' referenced before assignment
Traceback (most recent call last):
  File "C:\Users\Jarod\Downloads\Our Little Corner of the Galaxy\mainFunctions.py", line 440, in main
    elif playerLost == True:
UnboundLocalError: local variable 'playerLost' referenced before assignment
